   0  $accept : Program $end

   1  Program : ClassList

   2  ClassList : ClassList ClassDef
   3            | ClassDef

   4  VariableDef : Variable ';'

   5  Variable : Type IDENTIFIER

   6  Type : INT
   7       | VOID
   8       | BOOL
   9       | STRING
  10       | COMPLEX
  11       | CLASS IDENTIFIER
  12       | Type '[' ']'

  13  ClassDef : CLASS IDENTIFIER ExtendsClause '{' FieldList '}'

  14  ExtendsClause : EXTENDS IDENTIFIER
  15                |

  16  FieldList : FieldList VariableDef
  17            | FieldList FunctionDef
  18            |

  19  Formals : VariableList
  20          |

  21  VariableList : VariableList ',' Variable
  22               | Variable

  23  FunctionDef : STATIC Type IDENTIFIER '(' Formals ')' StmtBlock
  24              | Type IDENTIFIER '(' Formals ')' StmtBlock

  25  StmtBlock : '{' StmtList '}'

  26  StmtList : StmtList Stmt
  27           |

  28  Stmt : VariableDef
  29       | SimpleStmt ';'
  30       | IfStmt
  31       | WhileStmt
  32       | ForStmt
  33       | ReturnStmt ';'
  34       | PrintStmt ';'
  35       | BreakStmt ';'
  36       | StmtBlock
  37       | PrintCompStmt ';'

  38  SimpleStmt : LValue '=' Expr
  39             | Call
  40             |

  41  Receiver : Expr '.'
  42           |

  43  LValue : Receiver IDENTIFIER
  44         | Expr '[' Expr ']'

  45  Call : Receiver IDENTIFIER '(' Actuals ')'

  46  DefaultExpr : DEFAULT ':' Expr ';'

  47  CaseExprList : CaseExprList Constant ':' Expr ';'
  48               |

  49  Expr : CASE '(' Expr ')' '{' CaseExprList DefaultExpr '}'
  50       | LValue
  51       | Call
  52       | Constant
  53       | Expr '+' Expr
  54       | Expr '-' Expr
  55       | Expr '*' Expr
  56       | Expr '/' Expr
  57       | Expr '%' Expr
  58       | Expr EQUAL Expr
  59       | Expr NOT_EQUAL Expr
  60       | Expr '<' Expr
  61       | Expr '>' Expr
  62       | Expr LESS_EQUAL Expr
  63       | Expr GREATER_EQUAL Expr
  64       | Expr AND Expr
  65       | Expr OR Expr
  66       | '(' Expr ')'
  67       | '-' Expr
  68       | '!' Expr
  69       | '@' Expr
  70       | '$' Expr
  71       | '#' Expr
  72       | READ_INTEGER '(' ')'
  73       | READ_LINE '(' ')'
  74       | THIS
  75       | NEW IDENTIFIER '(' ')'
  76       | NEW Type '[' Expr ']'
  77       | INSTANCEOF '(' Expr ',' IDENTIFIER ')'
  78       | '(' CLASS IDENTIFIER ')' Expr

  79  Constant : LITERAL
  80           | NULL

  81  Actuals : ExprList
  82          |

  83  ExprList : ExprList ',' Expr
  84           | Expr

  85  WhileStmt : WHILE '(' Expr ')' Stmt

  86  ForStmt : FOR '(' SimpleStmt ';' Expr ';' SimpleStmt ')' Stmt

  87  BreakStmt : BREAK

  88  IfStmt : IF '(' Expr ')' Stmt ElseClause

  89  ElseClause : ELSE Stmt
  90             |

  91  ReturnStmt : RETURN Expr
  92             | RETURN

  93  PrintStmt : PRINT '(' ExprList ')'

  94  PrintCompStmt : PRINTCOMP '(' ExprList ')'

state 0
	$accept : . Program $end  (0)

	CLASS  shift 1
	.  error

	Program  goto 2
	ClassList  goto 3
	ClassDef  goto 4


state 1
	ClassDef : CLASS . IDENTIFIER ExtendsClause '{' FieldList '}'  (13)

	IDENTIFIER  shift 5
	.  error


state 2
	$accept : Program . $end  (0)

	$end  accept


state 3
	Program : ClassList .  (1)
	ClassList : ClassList . ClassDef  (2)

	CLASS  shift 1
	$end  reduce 1

	ClassDef  goto 6


state 4
	ClassList : ClassDef .  (3)

	.  reduce 3


state 5
	ClassDef : CLASS IDENTIFIER . ExtendsClause '{' FieldList '}'  (13)
	ExtendsClause : .  (15)

	EXTENDS  shift 7
	'{'  reduce 15

	ExtendsClause  goto 8


state 6
	ClassList : ClassList ClassDef .  (2)

	.  reduce 2


state 7
	ExtendsClause : EXTENDS . IDENTIFIER  (14)

	IDENTIFIER  shift 9
	.  error


state 8
	ClassDef : CLASS IDENTIFIER ExtendsClause . '{' FieldList '}'  (13)

	'{'  shift 10
	.  error


state 9
	ExtendsClause : EXTENDS IDENTIFIER .  (14)

	.  reduce 14


state 10
	ClassDef : CLASS IDENTIFIER ExtendsClause '{' . FieldList '}'  (13)
	FieldList : .  (18)

	.  reduce 18

	FieldList  goto 11


state 11
	ClassDef : CLASS IDENTIFIER ExtendsClause '{' FieldList . '}'  (13)
	FieldList : FieldList . VariableDef  (16)
	FieldList : FieldList . FunctionDef  (17)

	VOID  shift 12
	BOOL  shift 13
	INT  shift 14
	STRING  shift 15
	COMPLEX  shift 16
	CLASS  shift 17
	STATIC  shift 18
	'}'  shift 19
	.  error

	VariableDef  goto 20
	Variable  goto 21
	Type  goto 22
	FunctionDef  goto 23


state 12
	Type : VOID .  (7)

	.  reduce 7


state 13
	Type : BOOL .  (8)

	.  reduce 8


state 14
	Type : INT .  (6)

	.  reduce 6


state 15
	Type : STRING .  (9)

	.  reduce 9


state 16
	Type : COMPLEX .  (10)

	.  reduce 10


state 17
	Type : CLASS . IDENTIFIER  (11)

	IDENTIFIER  shift 24
	.  error


state 18
	FunctionDef : STATIC . Type IDENTIFIER '(' Formals ')' StmtBlock  (23)

	VOID  shift 12
	BOOL  shift 13
	INT  shift 14
	STRING  shift 15
	COMPLEX  shift 16
	CLASS  shift 17
	.  error

	Type  goto 25


state 19
	ClassDef : CLASS IDENTIFIER ExtendsClause '{' FieldList '}' .  (13)

	.  reduce 13


state 20
	FieldList : FieldList VariableDef .  (16)

	.  reduce 16


state 21
	VariableDef : Variable . ';'  (4)

	';'  shift 26
	.  error


state 22
	Variable : Type . IDENTIFIER  (5)
	Type : Type . '[' ']'  (12)
	FunctionDef : Type . IDENTIFIER '(' Formals ')' StmtBlock  (24)

	IDENTIFIER  shift 27
	'['  shift 28
	.  error


state 23
	FieldList : FieldList FunctionDef .  (17)

	.  reduce 17


state 24
	Type : CLASS IDENTIFIER .  (11)

	.  reduce 11


state 25
	Type : Type . '[' ']'  (12)
	FunctionDef : STATIC Type . IDENTIFIER '(' Formals ')' StmtBlock  (23)

	IDENTIFIER  shift 29
	'['  shift 28
	.  error


state 26
	VariableDef : Variable ';' .  (4)

	.  reduce 4


state 27
	Variable : Type IDENTIFIER .  (5)
	FunctionDef : Type IDENTIFIER . '(' Formals ')' StmtBlock  (24)

	'('  shift 30
	';'  reduce 5


state 28
	Type : Type '[' . ']'  (12)

	']'  shift 31
	.  error


state 29
	FunctionDef : STATIC Type IDENTIFIER . '(' Formals ')' StmtBlock  (23)

	'('  shift 32
	.  error


state 30
	FunctionDef : Type IDENTIFIER '(' . Formals ')' StmtBlock  (24)
	Formals : .  (20)

	VOID  shift 12
	BOOL  shift 13
	INT  shift 14
	STRING  shift 15
	COMPLEX  shift 16
	CLASS  shift 17
	')'  reduce 20

	Variable  goto 33
	Type  goto 34
	Formals  goto 35
	VariableList  goto 36


state 31
	Type : Type '[' ']' .  (12)

	.  reduce 12


state 32
	FunctionDef : STATIC Type IDENTIFIER '(' . Formals ')' StmtBlock  (23)
	Formals : .  (20)

	VOID  shift 12
	BOOL  shift 13
	INT  shift 14
	STRING  shift 15
	COMPLEX  shift 16
	CLASS  shift 17
	')'  reduce 20

	Variable  goto 33
	Type  goto 34
	Formals  goto 37
	VariableList  goto 36


state 33
	VariableList : Variable .  (22)

	.  reduce 22


state 34
	Variable : Type . IDENTIFIER  (5)
	Type : Type . '[' ']'  (12)

	IDENTIFIER  shift 38
	'['  shift 28
	.  error


state 35
	FunctionDef : Type IDENTIFIER '(' Formals . ')' StmtBlock  (24)

	')'  shift 39
	.  error


state 36
	Formals : VariableList .  (19)
	VariableList : VariableList . ',' Variable  (21)

	','  shift 40
	')'  reduce 19


state 37
	FunctionDef : STATIC Type IDENTIFIER '(' Formals . ')' StmtBlock  (23)

	')'  shift 41
	.  error


state 38
	Variable : Type IDENTIFIER .  (5)

	.  reduce 5


state 39
	FunctionDef : Type IDENTIFIER '(' Formals ')' . StmtBlock  (24)

	'{'  shift 42
	.  error

	StmtBlock  goto 43


state 40
	VariableList : VariableList ',' . Variable  (21)

	VOID  shift 12
	BOOL  shift 13
	INT  shift 14
	STRING  shift 15
	COMPLEX  shift 16
	CLASS  shift 17
	.  error

	Variable  goto 44
	Type  goto 34


state 41
	FunctionDef : STATIC Type IDENTIFIER '(' Formals ')' . StmtBlock  (23)

	'{'  shift 42
	.  error

	StmtBlock  goto 45


state 42
	StmtBlock : '{' . StmtList '}'  (25)
	StmtList : .  (27)

	.  reduce 27

	StmtList  goto 46


state 43
	FunctionDef : Type IDENTIFIER '(' Formals ')' StmtBlock .  (24)

	.  reduce 24


state 44
	VariableList : VariableList ',' Variable .  (21)

	.  reduce 21


state 45
	FunctionDef : STATIC Type IDENTIFIER '(' Formals ')' StmtBlock .  (23)

	.  reduce 23


state 46
	StmtBlock : '{' StmtList . '}'  (25)
	StmtList : StmtList . Stmt  (26)
	SimpleStmt : .  (40)
	Receiver : .  (42)

	VOID  shift 12
	BOOL  shift 13
	INT  shift 14
	STRING  shift 15
	COMPLEX  shift 16
	CLASS  shift 17
	NULL  shift 47
	THIS  shift 48
	WHILE  shift 49
	FOR  shift 50
	IF  shift 51
	RETURN  shift 52
	BREAK  shift 53
	NEW  shift 54
	CASE  shift 55
	PRINT  shift 56
	READ_INTEGER  shift 57
	READ_LINE  shift 58
	PRINTCOMP  shift 59
	LITERAL  shift 60
	INSTANCEOF  shift 61
	'-'  shift 62
	'!'  shift 63
	'('  shift 64
	'{'  shift 42
	'}'  shift 65
	'@'  shift 66
	'$'  shift 67
	'#'  shift 68
	IDENTIFIER  reduce 42
	';'  reduce 40

	VariableDef  goto 69
	Variable  goto 21
	Type  goto 34
	StmtBlock  goto 70
	Stmt  goto 71
	SimpleStmt  goto 72
	IfStmt  goto 73
	WhileStmt  goto 74
	ForStmt  goto 75
	ReturnStmt  goto 76
	PrintStmt  goto 77
	BreakStmt  goto 78
	PrintCompStmt  goto 79
	LValue  goto 80
	Expr  goto 81
	Call  goto 82
	Receiver  goto 83
	Constant  goto 84


state 47
	Constant : NULL .  (80)

	.  reduce 80


state 48
	Expr : THIS .  (74)

	.  reduce 74


state 49
	WhileStmt : WHILE . '(' Expr ')' Stmt  (85)

	'('  shift 85
	.  error


state 50
	ForStmt : FOR . '(' SimpleStmt ';' Expr ';' SimpleStmt ')' Stmt  (86)

	'('  shift 86
	.  error


state 51
	IfStmt : IF . '(' Expr ')' Stmt ElseClause  (88)

	'('  shift 87
	.  error


state 52
	ReturnStmt : RETURN . Expr  (91)
	ReturnStmt : RETURN .  (92)
	Receiver : .  (42)

	NULL  shift 47
	THIS  shift 48
	NEW  shift 54
	CASE  shift 55
	READ_INTEGER  shift 57
	READ_LINE  shift 58
	LITERAL  shift 60
	INSTANCEOF  shift 61
	'-'  shift 62
	'!'  shift 63
	'('  shift 64
	'@'  shift 66
	'$'  shift 67
	'#'  shift 68
	IDENTIFIER  reduce 42
	';'  reduce 92

	LValue  goto 88
	Expr  goto 89
	Call  goto 90
	Receiver  goto 83
	Constant  goto 84


state 53
	BreakStmt : BREAK .  (87)

	.  reduce 87


state 54
	Expr : NEW . IDENTIFIER '(' ')'  (75)
	Expr : NEW . Type '[' Expr ']'  (76)

	VOID  shift 12
	BOOL  shift 13
	INT  shift 14
	STRING  shift 15
	COMPLEX  shift 16
	CLASS  shift 17
	IDENTIFIER  shift 91
	.  error

	Type  goto 92


state 55
	Expr : CASE . '(' Expr ')' '{' CaseExprList DefaultExpr '}'  (49)

	'('  shift 93
	.  error


state 56
	PrintStmt : PRINT . '(' ExprList ')'  (93)

	'('  shift 94
	.  error


state 57
	Expr : READ_INTEGER . '(' ')'  (72)

	'('  shift 95
	.  error


state 58
	Expr : READ_LINE . '(' ')'  (73)

	'('  shift 96
	.  error


state 59
	PrintCompStmt : PRINTCOMP . '(' ExprList ')'  (94)

	'('  shift 97
	.  error


state 60
	Constant : LITERAL .  (79)

	.  reduce 79


state 61
	Expr : INSTANCEOF . '(' Expr ',' IDENTIFIER ')'  (77)

	'('  shift 98
	.  error


state 62
	Expr : '-' . Expr  (67)
	Receiver : .  (42)

	NULL  shift 47
	THIS  shift 48
	NEW  shift 54
	CASE  shift 55
	READ_INTEGER  shift 57
	READ_LINE  shift 58
	LITERAL  shift 60
	INSTANCEOF  shift 61
	'-'  shift 62
	'!'  shift 63
	'('  shift 64
	'@'  shift 66
	'$'  shift 67
	'#'  shift 68
	IDENTIFIER  reduce 42

	LValue  goto 88
	Expr  goto 99
	Call  goto 90
	Receiver  goto 83
	Constant  goto 84


state 63
	Expr : '!' . Expr  (68)
	Receiver : .  (42)

	NULL  shift 47
	THIS  shift 48
	NEW  shift 54
	CASE  shift 55
	READ_INTEGER  shift 57
	READ_LINE  shift 58
	LITERAL  shift 60
	INSTANCEOF  shift 61
	'-'  shift 62
	'!'  shift 63
	'('  shift 64
	'@'  shift 66
	'$'  shift 67
	'#'  shift 68
	IDENTIFIER  reduce 42

	LValue  goto 88
	Expr  goto 100
	Call  goto 90
	Receiver  goto 83
	Constant  goto 84


state 64
	Expr : '(' . Expr ')'  (66)
	Expr : '(' . CLASS IDENTIFIER ')' Expr  (78)
	Receiver : .  (42)

	CLASS  shift 101
	NULL  shift 47
	THIS  shift 48
	NEW  shift 54
	CASE  shift 55
	READ_INTEGER  shift 57
	READ_LINE  shift 58
	LITERAL  shift 60
	INSTANCEOF  shift 61
	'-'  shift 62
	'!'  shift 63
	'('  shift 64
	'@'  shift 66
	'$'  shift 67
	'#'  shift 68
	IDENTIFIER  reduce 42

	LValue  goto 88
	Expr  goto 102
	Call  goto 90
	Receiver  goto 83
	Constant  goto 84


state 65
	StmtBlock : '{' StmtList '}' .  (25)

	.  reduce 25


state 66
	Expr : '@' . Expr  (69)
	Receiver : .  (42)

	NULL  shift 47
	THIS  shift 48
	NEW  shift 54
	CASE  shift 55
	READ_INTEGER  shift 57
	READ_LINE  shift 58
	LITERAL  shift 60
	INSTANCEOF  shift 61
	'-'  shift 62
	'!'  shift 63
	'('  shift 64
	'@'  shift 66
	'$'  shift 67
	'#'  shift 68
	IDENTIFIER  reduce 42

	LValue  goto 88
	Expr  goto 103
	Call  goto 90
	Receiver  goto 83
	Constant  goto 84


state 67
	Expr : '$' . Expr  (70)
	Receiver : .  (42)

	NULL  shift 47
	THIS  shift 48
	NEW  shift 54
	CASE  shift 55
	READ_INTEGER  shift 57
	READ_LINE  shift 58
	LITERAL  shift 60
	INSTANCEOF  shift 61
	'-'  shift 62
	'!'  shift 63
	'('  shift 64
	'@'  shift 66
	'$'  shift 67
	'#'  shift 68
	IDENTIFIER  reduce 42

	LValue  goto 88
	Expr  goto 104
	Call  goto 90
	Receiver  goto 83
	Constant  goto 84


state 68
	Expr : '#' . Expr  (71)
	Receiver : .  (42)

	NULL  shift 47
	THIS  shift 48
	NEW  shift 54
	CASE  shift 55
	READ_INTEGER  shift 57
	READ_LINE  shift 58
	LITERAL  shift 60
	INSTANCEOF  shift 61
	'-'  shift 62
	'!'  shift 63
	'('  shift 64
	'@'  shift 66
	'$'  shift 67
	'#'  shift 68
	IDENTIFIER  reduce 42

	LValue  goto 88
	Expr  goto 105
	Call  goto 90
	Receiver  goto 83
	Constant  goto 84


state 69
	Stmt : VariableDef .  (28)

	.  reduce 28


state 70
	Stmt : StmtBlock .  (36)

	.  reduce 36


state 71
	StmtList : StmtList Stmt .  (26)

	.  reduce 26


state 72
	Stmt : SimpleStmt . ';'  (29)

	';'  shift 106
	.  error


state 73
	Stmt : IfStmt .  (30)

	.  reduce 30


state 74
	Stmt : WhileStmt .  (31)

	.  reduce 31


state 75
	Stmt : ForStmt .  (32)

	.  reduce 32


state 76
	Stmt : ReturnStmt . ';'  (33)

	';'  shift 107
	.  error


state 77
	Stmt : PrintStmt . ';'  (34)

	';'  shift 108
	.  error


state 78
	Stmt : BreakStmt . ';'  (35)

	';'  shift 109
	.  error


state 79
	Stmt : PrintCompStmt . ';'  (37)

	';'  shift 110
	.  error


state 80
	SimpleStmt : LValue . '=' Expr  (38)
	Expr : LValue .  (50)

	'='  shift 111
	AND  reduce 50
	OR  reduce 50
	LESS_EQUAL  reduce 50
	GREATER_EQUAL  reduce 50
	EQUAL  reduce 50
	NOT_EQUAL  reduce 50
	'+'  reduce 50
	'-'  reduce 50
	'*'  reduce 50
	'/'  reduce 50
	'%'  reduce 50
	'>'  reduce 50
	'<'  reduce 50
	'.'  reduce 50
	'['  reduce 50


state 81
	Receiver : Expr . '.'  (41)
	LValue : Expr . '[' Expr ']'  (44)
	Expr : Expr . '+' Expr  (53)
	Expr : Expr . '-' Expr  (54)
	Expr : Expr . '*' Expr  (55)
	Expr : Expr . '/' Expr  (56)
	Expr : Expr . '%' Expr  (57)
	Expr : Expr . EQUAL Expr  (58)
	Expr : Expr . NOT_EQUAL Expr  (59)
	Expr : Expr . '<' Expr  (60)
	Expr : Expr . '>' Expr  (61)
	Expr : Expr . LESS_EQUAL Expr  (62)
	Expr : Expr . GREATER_EQUAL Expr  (63)
	Expr : Expr . AND Expr  (64)
	Expr : Expr . OR Expr  (65)

	AND  shift 112
	OR  shift 113
	LESS_EQUAL  shift 114
	GREATER_EQUAL  shift 115
	EQUAL  shift 116
	NOT_EQUAL  shift 117
	'+'  shift 118
	'-'  shift 119
	'*'  shift 120
	'/'  shift 121
	'%'  shift 122
	'>'  shift 123
	'<'  shift 124
	'.'  shift 125
	'['  shift 126
	.  error


state 82
	SimpleStmt : Call .  (39)
	Expr : Call .  (51)

	AND  reduce 51
	OR  reduce 51
	LESS_EQUAL  reduce 51
	GREATER_EQUAL  reduce 51
	EQUAL  reduce 51
	NOT_EQUAL  reduce 51
	'+'  reduce 51
	'-'  reduce 51
	'*'  reduce 51
	'/'  reduce 51
	'%'  reduce 51
	'>'  reduce 51
	'<'  reduce 51
	'.'  reduce 51
	';'  reduce 39
	')'  reduce 39
	'['  reduce 51


state 83
	LValue : Receiver . IDENTIFIER  (43)
	Call : Receiver . IDENTIFIER '(' Actuals ')'  (45)

	IDENTIFIER  shift 127
	.  error


state 84
	Expr : Constant .  (52)

	.  reduce 52


state 85
	WhileStmt : WHILE '(' . Expr ')' Stmt  (85)
	Receiver : .  (42)

	NULL  shift 47
	THIS  shift 48
	NEW  shift 54
	CASE  shift 55
	READ_INTEGER  shift 57
	READ_LINE  shift 58
	LITERAL  shift 60
	INSTANCEOF  shift 61
	'-'  shift 62
	'!'  shift 63
	'('  shift 64
	'@'  shift 66
	'$'  shift 67
	'#'  shift 68
	IDENTIFIER  reduce 42

	LValue  goto 88
	Expr  goto 128
	Call  goto 90
	Receiver  goto 83
	Constant  goto 84


state 86
	ForStmt : FOR '(' . SimpleStmt ';' Expr ';' SimpleStmt ')' Stmt  (86)
	SimpleStmt : .  (40)
	Receiver : .  (42)

	NULL  shift 47
	THIS  shift 48
	NEW  shift 54
	CASE  shift 55
	READ_INTEGER  shift 57
	READ_LINE  shift 58
	LITERAL  shift 60
	INSTANCEOF  shift 61
	'-'  shift 62
	'!'  shift 63
	'('  shift 64
	'@'  shift 66
	'$'  shift 67
	'#'  shift 68
	IDENTIFIER  reduce 42
	';'  reduce 40

	SimpleStmt  goto 129
	LValue  goto 80
	Expr  goto 81
	Call  goto 82
	Receiver  goto 83
	Constant  goto 84


state 87
	IfStmt : IF '(' . Expr ')' Stmt ElseClause  (88)
	Receiver : .  (42)

	NULL  shift 47
	THIS  shift 48
	NEW  shift 54
	CASE  shift 55
	READ_INTEGER  shift 57
	READ_LINE  shift 58
	LITERAL  shift 60
	INSTANCEOF  shift 61
	'-'  shift 62
	'!'  shift 63
	'('  shift 64
	'@'  shift 66
	'$'  shift 67
	'#'  shift 68
	IDENTIFIER  reduce 42

	LValue  goto 88
	Expr  goto 130
	Call  goto 90
	Receiver  goto 83
	Constant  goto 84


state 88
	Expr : LValue .  (50)

	.  reduce 50


state 89
	Receiver : Expr . '.'  (41)
	LValue : Expr . '[' Expr ']'  (44)
	Expr : Expr . '+' Expr  (53)
	Expr : Expr . '-' Expr  (54)
	Expr : Expr . '*' Expr  (55)
	Expr : Expr . '/' Expr  (56)
	Expr : Expr . '%' Expr  (57)
	Expr : Expr . EQUAL Expr  (58)
	Expr : Expr . NOT_EQUAL Expr  (59)
	Expr : Expr . '<' Expr  (60)
	Expr : Expr . '>' Expr  (61)
	Expr : Expr . LESS_EQUAL Expr  (62)
	Expr : Expr . GREATER_EQUAL Expr  (63)
	Expr : Expr . AND Expr  (64)
	Expr : Expr . OR Expr  (65)
	ReturnStmt : RETURN Expr .  (91)

	AND  shift 112
	OR  shift 113
	LESS_EQUAL  shift 114
	GREATER_EQUAL  shift 115
	EQUAL  shift 116
	NOT_EQUAL  shift 117
	'+'  shift 118
	'-'  shift 119
	'*'  shift 120
	'/'  shift 121
	'%'  shift 122
	'>'  shift 123
	'<'  shift 124
	'.'  shift 125
	'['  shift 126
	';'  reduce 91


state 90
	Expr : Call .  (51)

	.  reduce 51


state 91
	Expr : NEW IDENTIFIER . '(' ')'  (75)

	'('  shift 131
	.  error


state 92
	Type : Type . '[' ']'  (12)
	Expr : NEW Type . '[' Expr ']'  (76)

	'['  shift 132
	.  error


state 93
	Expr : CASE '(' . Expr ')' '{' CaseExprList DefaultExpr '}'  (49)
	Receiver : .  (42)

	NULL  shift 47
	THIS  shift 48
	NEW  shift 54
	CASE  shift 55
	READ_INTEGER  shift 57
	READ_LINE  shift 58
	LITERAL  shift 60
	INSTANCEOF  shift 61
	'-'  shift 62
	'!'  shift 63
	'('  shift 64
	'@'  shift 66
	'$'  shift 67
	'#'  shift 68
	IDENTIFIER  reduce 42

	LValue  goto 88
	Expr  goto 133
	Call  goto 90
	Receiver  goto 83
	Constant  goto 84


state 94
	PrintStmt : PRINT '(' . ExprList ')'  (93)
	Receiver : .  (42)

	NULL  shift 47
	THIS  shift 48
	NEW  shift 54
	CASE  shift 55
	READ_INTEGER  shift 57
	READ_LINE  shift 58
	LITERAL  shift 60
	INSTANCEOF  shift 61
	'-'  shift 62
	'!'  shift 63
	'('  shift 64
	'@'  shift 66
	'$'  shift 67
	'#'  shift 68
	IDENTIFIER  reduce 42

	LValue  goto 88
	Expr  goto 134
	Call  goto 90
	Receiver  goto 83
	Constant  goto 84
	ExprList  goto 135


state 95
	Expr : READ_INTEGER '(' . ')'  (72)

	')'  shift 136
	.  error


state 96
	Expr : READ_LINE '(' . ')'  (73)

	')'  shift 137
	.  error


state 97
	PrintCompStmt : PRINTCOMP '(' . ExprList ')'  (94)
	Receiver : .  (42)

	NULL  shift 47
	THIS  shift 48
	NEW  shift 54
	CASE  shift 55
	READ_INTEGER  shift 57
	READ_LINE  shift 58
	LITERAL  shift 60
	INSTANCEOF  shift 61
	'-'  shift 62
	'!'  shift 63
	'('  shift 64
	'@'  shift 66
	'$'  shift 67
	'#'  shift 68
	IDENTIFIER  reduce 42

	LValue  goto 88
	Expr  goto 134
	Call  goto 90
	Receiver  goto 83
	Constant  goto 84
	ExprList  goto 138


state 98
	Expr : INSTANCEOF '(' . Expr ',' IDENTIFIER ')'  (77)
	Receiver : .  (42)

	NULL  shift 47
	THIS  shift 48
	NEW  shift 54
	CASE  shift 55
	READ_INTEGER  shift 57
	READ_LINE  shift 58
	LITERAL  shift 60
	INSTANCEOF  shift 61
	'-'  shift 62
	'!'  shift 63
	'('  shift 64
	'@'  shift 66
	'$'  shift 67
	'#'  shift 68
	IDENTIFIER  reduce 42

	LValue  goto 88
	Expr  goto 139
	Call  goto 90
	Receiver  goto 83
	Constant  goto 84


state 99
	Receiver : Expr . '.'  (41)
	LValue : Expr . '[' Expr ']'  (44)
	Expr : Expr . '+' Expr  (53)
	Expr : Expr . '-' Expr  (54)
	Expr : Expr . '*' Expr  (55)
	Expr : Expr . '/' Expr  (56)
	Expr : Expr . '%' Expr  (57)
	Expr : Expr . EQUAL Expr  (58)
	Expr : Expr . NOT_EQUAL Expr  (59)
	Expr : Expr . '<' Expr  (60)
	Expr : Expr . '>' Expr  (61)
	Expr : Expr . LESS_EQUAL Expr  (62)
	Expr : Expr . GREATER_EQUAL Expr  (63)
	Expr : Expr . AND Expr  (64)
	Expr : Expr . OR Expr  (65)
	Expr : '-' Expr .  (67)

	'.'  shift 125
	'['  shift 126
	AND  reduce 67
	OR  reduce 67
	LESS_EQUAL  reduce 67
	GREATER_EQUAL  reduce 67
	EQUAL  reduce 67
	NOT_EQUAL  reduce 67
	'+'  reduce 67
	'-'  reduce 67
	'*'  reduce 67
	'/'  reduce 67
	'%'  reduce 67
	'>'  reduce 67
	'<'  reduce 67
	','  reduce 67
	';'  reduce 67
	')'  reduce 67
	']'  reduce 67


state 100
	Receiver : Expr . '.'  (41)
	LValue : Expr . '[' Expr ']'  (44)
	Expr : Expr . '+' Expr  (53)
	Expr : Expr . '-' Expr  (54)
	Expr : Expr . '*' Expr  (55)
	Expr : Expr . '/' Expr  (56)
	Expr : Expr . '%' Expr  (57)
	Expr : Expr . EQUAL Expr  (58)
	Expr : Expr . NOT_EQUAL Expr  (59)
	Expr : Expr . '<' Expr  (60)
	Expr : Expr . '>' Expr  (61)
	Expr : Expr . LESS_EQUAL Expr  (62)
	Expr : Expr . GREATER_EQUAL Expr  (63)
	Expr : Expr . AND Expr  (64)
	Expr : Expr . OR Expr  (65)
	Expr : '!' Expr .  (68)

	'.'  shift 125
	'['  shift 126
	AND  reduce 68
	OR  reduce 68
	LESS_EQUAL  reduce 68
	GREATER_EQUAL  reduce 68
	EQUAL  reduce 68
	NOT_EQUAL  reduce 68
	'+'  reduce 68
	'-'  reduce 68
	'*'  reduce 68
	'/'  reduce 68
	'%'  reduce 68
	'>'  reduce 68
	'<'  reduce 68
	','  reduce 68
	';'  reduce 68
	')'  reduce 68
	']'  reduce 68


state 101
	Expr : '(' CLASS . IDENTIFIER ')' Expr  (78)

	IDENTIFIER  shift 140
	.  error


state 102
	Receiver : Expr . '.'  (41)
	LValue : Expr . '[' Expr ']'  (44)
	Expr : Expr . '+' Expr  (53)
	Expr : Expr . '-' Expr  (54)
	Expr : Expr . '*' Expr  (55)
	Expr : Expr . '/' Expr  (56)
	Expr : Expr . '%' Expr  (57)
	Expr : Expr . EQUAL Expr  (58)
	Expr : Expr . NOT_EQUAL Expr  (59)
	Expr : Expr . '<' Expr  (60)
	Expr : Expr . '>' Expr  (61)
	Expr : Expr . LESS_EQUAL Expr  (62)
	Expr : Expr . GREATER_EQUAL Expr  (63)
	Expr : Expr . AND Expr  (64)
	Expr : Expr . OR Expr  (65)
	Expr : '(' Expr . ')'  (66)

	AND  shift 112
	OR  shift 113
	LESS_EQUAL  shift 114
	GREATER_EQUAL  shift 115
	EQUAL  shift 116
	NOT_EQUAL  shift 117
	'+'  shift 118
	'-'  shift 119
	'*'  shift 120
	'/'  shift 121
	'%'  shift 122
	'>'  shift 123
	'<'  shift 124
	'.'  shift 125
	')'  shift 141
	'['  shift 126
	.  error


state 103
	Receiver : Expr . '.'  (41)
	LValue : Expr . '[' Expr ']'  (44)
	Expr : Expr . '+' Expr  (53)
	Expr : Expr . '-' Expr  (54)
	Expr : Expr . '*' Expr  (55)
	Expr : Expr . '/' Expr  (56)
	Expr : Expr . '%' Expr  (57)
	Expr : Expr . EQUAL Expr  (58)
	Expr : Expr . NOT_EQUAL Expr  (59)
	Expr : Expr . '<' Expr  (60)
	Expr : Expr . '>' Expr  (61)
	Expr : Expr . LESS_EQUAL Expr  (62)
	Expr : Expr . GREATER_EQUAL Expr  (63)
	Expr : Expr . AND Expr  (64)
	Expr : Expr . OR Expr  (65)
	Expr : '@' Expr .  (69)

	.  reduce 69


state 104
	Receiver : Expr . '.'  (41)
	LValue : Expr . '[' Expr ']'  (44)
	Expr : Expr . '+' Expr  (53)
	Expr : Expr . '-' Expr  (54)
	Expr : Expr . '*' Expr  (55)
	Expr : Expr . '/' Expr  (56)
	Expr : Expr . '%' Expr  (57)
	Expr : Expr . EQUAL Expr  (58)
	Expr : Expr . NOT_EQUAL Expr  (59)
	Expr : Expr . '<' Expr  (60)
	Expr : Expr . '>' Expr  (61)
	Expr : Expr . LESS_EQUAL Expr  (62)
	Expr : Expr . GREATER_EQUAL Expr  (63)
	Expr : Expr . AND Expr  (64)
	Expr : Expr . OR Expr  (65)
	Expr : '$' Expr .  (70)

	.  reduce 70


state 105
	Receiver : Expr . '.'  (41)
	LValue : Expr . '[' Expr ']'  (44)
	Expr : Expr . '+' Expr  (53)
	Expr : Expr . '-' Expr  (54)
	Expr : Expr . '*' Expr  (55)
	Expr : Expr . '/' Expr  (56)
	Expr : Expr . '%' Expr  (57)
	Expr : Expr . EQUAL Expr  (58)
	Expr : Expr . NOT_EQUAL Expr  (59)
	Expr : Expr . '<' Expr  (60)
	Expr : Expr . '>' Expr  (61)
	Expr : Expr . LESS_EQUAL Expr  (62)
	Expr : Expr . GREATER_EQUAL Expr  (63)
	Expr : Expr . AND Expr  (64)
	Expr : Expr . OR Expr  (65)
	Expr : '#' Expr .  (71)

	.  reduce 71


state 106
	Stmt : SimpleStmt ';' .  (29)

	.  reduce 29


state 107
	Stmt : ReturnStmt ';' .  (33)

	.  reduce 33


state 108
	Stmt : PrintStmt ';' .  (34)

	.  reduce 34


state 109
	Stmt : BreakStmt ';' .  (35)

	.  reduce 35


state 110
	Stmt : PrintCompStmt ';' .  (37)

	.  reduce 37


state 111
	SimpleStmt : LValue '=' . Expr  (38)
	Receiver : .  (42)

	NULL  shift 47
	THIS  shift 48
	NEW  shift 54
	CASE  shift 55
	READ_INTEGER  shift 57
	READ_LINE  shift 58
	LITERAL  shift 60
	INSTANCEOF  shift 61
	'-'  shift 62
	'!'  shift 63
	'('  shift 64
	'@'  shift 66
	'$'  shift 67
	'#'  shift 68
	IDENTIFIER  reduce 42

	LValue  goto 88
	Expr  goto 142
	Call  goto 90
	Receiver  goto 83
	Constant  goto 84


state 112
	Expr : Expr AND . Expr  (64)
	Receiver : .  (42)

	NULL  shift 47
	THIS  shift 48
	NEW  shift 54
	CASE  shift 55
	READ_INTEGER  shift 57
	READ_LINE  shift 58
	LITERAL  shift 60
	INSTANCEOF  shift 61
	'-'  shift 62
	'!'  shift 63
	'('  shift 64
	'@'  shift 66
	'$'  shift 67
	'#'  shift 68
	IDENTIFIER  reduce 42

	LValue  goto 88
	Expr  goto 143
	Call  goto 90
	Receiver  goto 83
	Constant  goto 84


state 113
	Expr : Expr OR . Expr  (65)
	Receiver : .  (42)

	NULL  shift 47
	THIS  shift 48
	NEW  shift 54
	CASE  shift 55
	READ_INTEGER  shift 57
	READ_LINE  shift 58
	LITERAL  shift 60
	INSTANCEOF  shift 61
	'-'  shift 62
	'!'  shift 63
	'('  shift 64
	'@'  shift 66
	'$'  shift 67
	'#'  shift 68
	IDENTIFIER  reduce 42

	LValue  goto 88
	Expr  goto 144
	Call  goto 90
	Receiver  goto 83
	Constant  goto 84


state 114
	Expr : Expr LESS_EQUAL . Expr  (62)
	Receiver : .  (42)

	NULL  shift 47
	THIS  shift 48
	NEW  shift 54
	CASE  shift 55
	READ_INTEGER  shift 57
	READ_LINE  shift 58
	LITERAL  shift 60
	INSTANCEOF  shift 61
	'-'  shift 62
	'!'  shift 63
	'('  shift 64
	'@'  shift 66
	'$'  shift 67
	'#'  shift 68
	IDENTIFIER  reduce 42

	LValue  goto 88
	Expr  goto 145
	Call  goto 90
	Receiver  goto 83
	Constant  goto 84


state 115
	Expr : Expr GREATER_EQUAL . Expr  (63)
	Receiver : .  (42)

	NULL  shift 47
	THIS  shift 48
	NEW  shift 54
	CASE  shift 55
	READ_INTEGER  shift 57
	READ_LINE  shift 58
	LITERAL  shift 60
	INSTANCEOF  shift 61
	'-'  shift 62
	'!'  shift 63
	'('  shift 64
	'@'  shift 66
	'$'  shift 67
	'#'  shift 68
	IDENTIFIER  reduce 42

	LValue  goto 88
	Expr  goto 146
	Call  goto 90
	Receiver  goto 83
	Constant  goto 84


state 116
	Expr : Expr EQUAL . Expr  (58)
	Receiver : .  (42)

	NULL  shift 47
	THIS  shift 48
	NEW  shift 54
	CASE  shift 55
	READ_INTEGER  shift 57
	READ_LINE  shift 58
	LITERAL  shift 60
	INSTANCEOF  shift 61
	'-'  shift 62
	'!'  shift 63
	'('  shift 64
	'@'  shift 66
	'$'  shift 67
	'#'  shift 68
	IDENTIFIER  reduce 42

	LValue  goto 88
	Expr  goto 147
	Call  goto 90
	Receiver  goto 83
	Constant  goto 84


state 117
	Expr : Expr NOT_EQUAL . Expr  (59)
	Receiver : .  (42)

	NULL  shift 47
	THIS  shift 48
	NEW  shift 54
	CASE  shift 55
	READ_INTEGER  shift 57
	READ_LINE  shift 58
	LITERAL  shift 60
	INSTANCEOF  shift 61
	'-'  shift 62
	'!'  shift 63
	'('  shift 64
	'@'  shift 66
	'$'  shift 67
	'#'  shift 68
	IDENTIFIER  reduce 42

	LValue  goto 88
	Expr  goto 148
	Call  goto 90
	Receiver  goto 83
	Constant  goto 84


state 118
	Expr : Expr '+' . Expr  (53)
	Receiver : .  (42)

	NULL  shift 47
	THIS  shift 48
	NEW  shift 54
	CASE  shift 55
	READ_INTEGER  shift 57
	READ_LINE  shift 58
	LITERAL  shift 60
	INSTANCEOF  shift 61
	'-'  shift 62
	'!'  shift 63
	'('  shift 64
	'@'  shift 66
	'$'  shift 67
	'#'  shift 68
	IDENTIFIER  reduce 42

	LValue  goto 88
	Expr  goto 149
	Call  goto 90
	Receiver  goto 83
	Constant  goto 84


state 119
	Expr : Expr '-' . Expr  (54)
	Receiver : .  (42)

	NULL  shift 47
	THIS  shift 48
	NEW  shift 54
	CASE  shift 55
	READ_INTEGER  shift 57
	READ_LINE  shift 58
	LITERAL  shift 60
	INSTANCEOF  shift 61
	'-'  shift 62
	'!'  shift 63
	'('  shift 64
	'@'  shift 66
	'$'  shift 67
	'#'  shift 68
	IDENTIFIER  reduce 42

	LValue  goto 88
	Expr  goto 150
	Call  goto 90
	Receiver  goto 83
	Constant  goto 84


state 120
	Expr : Expr '*' . Expr  (55)
	Receiver : .  (42)

	NULL  shift 47
	THIS  shift 48
	NEW  shift 54
	CASE  shift 55
	READ_INTEGER  shift 57
	READ_LINE  shift 58
	LITERAL  shift 60
	INSTANCEOF  shift 61
	'-'  shift 62
	'!'  shift 63
	'('  shift 64
	'@'  shift 66
	'$'  shift 67
	'#'  shift 68
	IDENTIFIER  reduce 42

	LValue  goto 88
	Expr  goto 151
	Call  goto 90
	Receiver  goto 83
	Constant  goto 84


state 121
	Expr : Expr '/' . Expr  (56)
	Receiver : .  (42)

	NULL  shift 47
	THIS  shift 48
	NEW  shift 54
	CASE  shift 55
	READ_INTEGER  shift 57
	READ_LINE  shift 58
	LITERAL  shift 60
	INSTANCEOF  shift 61
	'-'  shift 62
	'!'  shift 63
	'('  shift 64
	'@'  shift 66
	'$'  shift 67
	'#'  shift 68
	IDENTIFIER  reduce 42

	LValue  goto 88
	Expr  goto 152
	Call  goto 90
	Receiver  goto 83
	Constant  goto 84


state 122
	Expr : Expr '%' . Expr  (57)
	Receiver : .  (42)

	NULL  shift 47
	THIS  shift 48
	NEW  shift 54
	CASE  shift 55
	READ_INTEGER  shift 57
	READ_LINE  shift 58
	LITERAL  shift 60
	INSTANCEOF  shift 61
	'-'  shift 62
	'!'  shift 63
	'('  shift 64
	'@'  shift 66
	'$'  shift 67
	'#'  shift 68
	IDENTIFIER  reduce 42

	LValue  goto 88
	Expr  goto 153
	Call  goto 90
	Receiver  goto 83
	Constant  goto 84


state 123
	Expr : Expr '>' . Expr  (61)
	Receiver : .  (42)

	NULL  shift 47
	THIS  shift 48
	NEW  shift 54
	CASE  shift 55
	READ_INTEGER  shift 57
	READ_LINE  shift 58
	LITERAL  shift 60
	INSTANCEOF  shift 61
	'-'  shift 62
	'!'  shift 63
	'('  shift 64
	'@'  shift 66
	'$'  shift 67
	'#'  shift 68
	IDENTIFIER  reduce 42

	LValue  goto 88
	Expr  goto 154
	Call  goto 90
	Receiver  goto 83
	Constant  goto 84


state 124
	Expr : Expr '<' . Expr  (60)
	Receiver : .  (42)

	NULL  shift 47
	THIS  shift 48
	NEW  shift 54
	CASE  shift 55
	READ_INTEGER  shift 57
	READ_LINE  shift 58
	LITERAL  shift 60
	INSTANCEOF  shift 61
	'-'  shift 62
	'!'  shift 63
	'('  shift 64
	'@'  shift 66
	'$'  shift 67
	'#'  shift 68
	IDENTIFIER  reduce 42

	LValue  goto 88
	Expr  goto 155
	Call  goto 90
	Receiver  goto 83
	Constant  goto 84


state 125
	Receiver : Expr '.' .  (41)

	.  reduce 41


state 126
	LValue : Expr '[' . Expr ']'  (44)
	Receiver : .  (42)

	NULL  shift 47
	THIS  shift 48
	NEW  shift 54
	CASE  shift 55
	READ_INTEGER  shift 57
	READ_LINE  shift 58
	LITERAL  shift 60
	INSTANCEOF  shift 61
	'-'  shift 62
	'!'  shift 63
	'('  shift 64
	'@'  shift 66
	'$'  shift 67
	'#'  shift 68
	IDENTIFIER  reduce 42

	LValue  goto 88
	Expr  goto 156
	Call  goto 90
	Receiver  goto 83
	Constant  goto 84


state 127
	LValue : Receiver IDENTIFIER .  (43)
	Call : Receiver IDENTIFIER . '(' Actuals ')'  (45)

	'('  shift 157
	AND  reduce 43
	OR  reduce 43
	LESS_EQUAL  reduce 43
	GREATER_EQUAL  reduce 43
	EQUAL  reduce 43
	NOT_EQUAL  reduce 43
	'+'  reduce 43
	'-'  reduce 43
	'*'  reduce 43
	'/'  reduce 43
	'%'  reduce 43
	'='  reduce 43
	'>'  reduce 43
	'<'  reduce 43
	'.'  reduce 43
	','  reduce 43
	';'  reduce 43
	')'  reduce 43
	'['  reduce 43
	']'  reduce 43


state 128
	Receiver : Expr . '.'  (41)
	LValue : Expr . '[' Expr ']'  (44)
	Expr : Expr . '+' Expr  (53)
	Expr : Expr . '-' Expr  (54)
	Expr : Expr . '*' Expr  (55)
	Expr : Expr . '/' Expr  (56)
	Expr : Expr . '%' Expr  (57)
	Expr : Expr . EQUAL Expr  (58)
	Expr : Expr . NOT_EQUAL Expr  (59)
	Expr : Expr . '<' Expr  (60)
	Expr : Expr . '>' Expr  (61)
	Expr : Expr . LESS_EQUAL Expr  (62)
	Expr : Expr . GREATER_EQUAL Expr  (63)
	Expr : Expr . AND Expr  (64)
	Expr : Expr . OR Expr  (65)
	WhileStmt : WHILE '(' Expr . ')' Stmt  (85)

	AND  shift 112
	OR  shift 113
	LESS_EQUAL  shift 114
	GREATER_EQUAL  shift 115
	EQUAL  shift 116
	NOT_EQUAL  shift 117
	'+'  shift 118
	'-'  shift 119
	'*'  shift 120
	'/'  shift 121
	'%'  shift 122
	'>'  shift 123
	'<'  shift 124
	'.'  shift 125
	')'  shift 158
	'['  shift 126
	.  error


state 129
	ForStmt : FOR '(' SimpleStmt . ';' Expr ';' SimpleStmt ')' Stmt  (86)

	';'  shift 159
	.  error


state 130
	Receiver : Expr . '.'  (41)
	LValue : Expr . '[' Expr ']'  (44)
	Expr : Expr . '+' Expr  (53)
	Expr : Expr . '-' Expr  (54)
	Expr : Expr . '*' Expr  (55)
	Expr : Expr . '/' Expr  (56)
	Expr : Expr . '%' Expr  (57)
	Expr : Expr . EQUAL Expr  (58)
	Expr : Expr . NOT_EQUAL Expr  (59)
	Expr : Expr . '<' Expr  (60)
	Expr : Expr . '>' Expr  (61)
	Expr : Expr . LESS_EQUAL Expr  (62)
	Expr : Expr . GREATER_EQUAL Expr  (63)
	Expr : Expr . AND Expr  (64)
	Expr : Expr . OR Expr  (65)
	IfStmt : IF '(' Expr . ')' Stmt ElseClause  (88)

	AND  shift 112
	OR  shift 113
	LESS_EQUAL  shift 114
	GREATER_EQUAL  shift 115
	EQUAL  shift 116
	NOT_EQUAL  shift 117
	'+'  shift 118
	'-'  shift 119
	'*'  shift 120
	'/'  shift 121
	'%'  shift 122
	'>'  shift 123
	'<'  shift 124
	'.'  shift 125
	')'  shift 160
	'['  shift 126
	.  error


state 131
	Expr : NEW IDENTIFIER '(' . ')'  (75)

	')'  shift 161
	.  error


state 132
	Type : Type '[' . ']'  (12)
	Expr : NEW Type '[' . Expr ']'  (76)
	Receiver : .  (42)

	NULL  shift 47
	THIS  shift 48
	NEW  shift 54
	CASE  shift 55
	READ_INTEGER  shift 57
	READ_LINE  shift 58
	LITERAL  shift 60
	INSTANCEOF  shift 61
	'-'  shift 62
	'!'  shift 63
	'('  shift 64
	']'  shift 31
	'@'  shift 66
	'$'  shift 67
	'#'  shift 68
	IDENTIFIER  reduce 42

	LValue  goto 88
	Expr  goto 162
	Call  goto 90
	Receiver  goto 83
	Constant  goto 84


state 133
	Receiver : Expr . '.'  (41)
	LValue : Expr . '[' Expr ']'  (44)
	Expr : CASE '(' Expr . ')' '{' CaseExprList DefaultExpr '}'  (49)
	Expr : Expr . '+' Expr  (53)
	Expr : Expr . '-' Expr  (54)
	Expr : Expr . '*' Expr  (55)
	Expr : Expr . '/' Expr  (56)
	Expr : Expr . '%' Expr  (57)
	Expr : Expr . EQUAL Expr  (58)
	Expr : Expr . NOT_EQUAL Expr  (59)
	Expr : Expr . '<' Expr  (60)
	Expr : Expr . '>' Expr  (61)
	Expr : Expr . LESS_EQUAL Expr  (62)
	Expr : Expr . GREATER_EQUAL Expr  (63)
	Expr : Expr . AND Expr  (64)
	Expr : Expr . OR Expr  (65)

	AND  shift 112
	OR  shift 113
	LESS_EQUAL  shift 114
	GREATER_EQUAL  shift 115
	EQUAL  shift 116
	NOT_EQUAL  shift 117
	'+'  shift 118
	'-'  shift 119
	'*'  shift 120
	'/'  shift 121
	'%'  shift 122
	'>'  shift 123
	'<'  shift 124
	'.'  shift 125
	')'  shift 163
	'['  shift 126
	.  error


state 134
	Receiver : Expr . '.'  (41)
	LValue : Expr . '[' Expr ']'  (44)
	Expr : Expr . '+' Expr  (53)
	Expr : Expr . '-' Expr  (54)
	Expr : Expr . '*' Expr  (55)
	Expr : Expr . '/' Expr  (56)
	Expr : Expr . '%' Expr  (57)
	Expr : Expr . EQUAL Expr  (58)
	Expr : Expr . NOT_EQUAL Expr  (59)
	Expr : Expr . '<' Expr  (60)
	Expr : Expr . '>' Expr  (61)
	Expr : Expr . LESS_EQUAL Expr  (62)
	Expr : Expr . GREATER_EQUAL Expr  (63)
	Expr : Expr . AND Expr  (64)
	Expr : Expr . OR Expr  (65)
	ExprList : Expr .  (84)

	AND  shift 112
	OR  shift 113
	LESS_EQUAL  shift 114
	GREATER_EQUAL  shift 115
	EQUAL  shift 116
	NOT_EQUAL  shift 117
	'+'  shift 118
	'-'  shift 119
	'*'  shift 120
	'/'  shift 121
	'%'  shift 122
	'>'  shift 123
	'<'  shift 124
	'.'  shift 125
	'['  shift 126
	','  reduce 84
	')'  reduce 84


state 135
	ExprList : ExprList . ',' Expr  (83)
	PrintStmt : PRINT '(' ExprList . ')'  (93)

	','  shift 164
	')'  shift 165
	.  error


state 136
	Expr : READ_INTEGER '(' ')' .  (72)

	.  reduce 72


state 137
	Expr : READ_LINE '(' ')' .  (73)

	.  reduce 73


state 138
	ExprList : ExprList . ',' Expr  (83)
	PrintCompStmt : PRINTCOMP '(' ExprList . ')'  (94)

	','  shift 164
	')'  shift 166
	.  error


state 139
	Receiver : Expr . '.'  (41)
	LValue : Expr . '[' Expr ']'  (44)
	Expr : Expr . '+' Expr  (53)
	Expr : Expr . '-' Expr  (54)
	Expr : Expr . '*' Expr  (55)
	Expr : Expr . '/' Expr  (56)
	Expr : Expr . '%' Expr  (57)
	Expr : Expr . EQUAL Expr  (58)
	Expr : Expr . NOT_EQUAL Expr  (59)
	Expr : Expr . '<' Expr  (60)
	Expr : Expr . '>' Expr  (61)
	Expr : Expr . LESS_EQUAL Expr  (62)
	Expr : Expr . GREATER_EQUAL Expr  (63)
	Expr : Expr . AND Expr  (64)
	Expr : Expr . OR Expr  (65)
	Expr : INSTANCEOF '(' Expr . ',' IDENTIFIER ')'  (77)

	AND  shift 112
	OR  shift 113
	LESS_EQUAL  shift 114
	GREATER_EQUAL  shift 115
	EQUAL  shift 116
	NOT_EQUAL  shift 117
	'+'  shift 118
	'-'  shift 119
	'*'  shift 120
	'/'  shift 121
	'%'  shift 122
	'>'  shift 123
	'<'  shift 124
	'.'  shift 125
	','  shift 167
	'['  shift 126
	.  error


state 140
	Expr : '(' CLASS IDENTIFIER . ')' Expr  (78)

	')'  shift 168
	.  error


state 141
	Expr : '(' Expr ')' .  (66)

	.  reduce 66


state 142
	SimpleStmt : LValue '=' Expr .  (38)
	Receiver : Expr . '.'  (41)
	LValue : Expr . '[' Expr ']'  (44)
	Expr : Expr . '+' Expr  (53)
	Expr : Expr . '-' Expr  (54)
	Expr : Expr . '*' Expr  (55)
	Expr : Expr . '/' Expr  (56)
	Expr : Expr . '%' Expr  (57)
	Expr : Expr . EQUAL Expr  (58)
	Expr : Expr . NOT_EQUAL Expr  (59)
	Expr : Expr . '<' Expr  (60)
	Expr : Expr . '>' Expr  (61)
	Expr : Expr . LESS_EQUAL Expr  (62)
	Expr : Expr . GREATER_EQUAL Expr  (63)
	Expr : Expr . AND Expr  (64)
	Expr : Expr . OR Expr  (65)

	AND  shift 112
	OR  shift 113
	LESS_EQUAL  shift 114
	GREATER_EQUAL  shift 115
	EQUAL  shift 116
	NOT_EQUAL  shift 117
	'+'  shift 118
	'-'  shift 119
	'*'  shift 120
	'/'  shift 121
	'%'  shift 122
	'>'  shift 123
	'<'  shift 124
	'.'  shift 125
	'['  shift 126
	';'  reduce 38
	')'  reduce 38


state 143
	Receiver : Expr . '.'  (41)
	LValue : Expr . '[' Expr ']'  (44)
	Expr : Expr . '+' Expr  (53)
	Expr : Expr . '-' Expr  (54)
	Expr : Expr . '*' Expr  (55)
	Expr : Expr . '/' Expr  (56)
	Expr : Expr . '%' Expr  (57)
	Expr : Expr . EQUAL Expr  (58)
	Expr : Expr . NOT_EQUAL Expr  (59)
	Expr : Expr . '<' Expr  (60)
	Expr : Expr . '>' Expr  (61)
	Expr : Expr . LESS_EQUAL Expr  (62)
	Expr : Expr . GREATER_EQUAL Expr  (63)
	Expr : Expr . AND Expr  (64)
	Expr : Expr AND Expr .  (64)
	Expr : Expr . OR Expr  (65)

	LESS_EQUAL  shift 114
	GREATER_EQUAL  shift 115
	EQUAL  shift 116
	NOT_EQUAL  shift 117
	'+'  shift 118
	'-'  shift 119
	'*'  shift 120
	'/'  shift 121
	'%'  shift 122
	'>'  shift 123
	'<'  shift 124
	'.'  shift 125
	'['  shift 126
	AND  reduce 64
	OR  reduce 64
	','  reduce 64
	';'  reduce 64
	')'  reduce 64
	']'  reduce 64


state 144
	Receiver : Expr . '.'  (41)
	LValue : Expr . '[' Expr ']'  (44)
	Expr : Expr . '+' Expr  (53)
	Expr : Expr . '-' Expr  (54)
	Expr : Expr . '*' Expr  (55)
	Expr : Expr . '/' Expr  (56)
	Expr : Expr . '%' Expr  (57)
	Expr : Expr . EQUAL Expr  (58)
	Expr : Expr . NOT_EQUAL Expr  (59)
	Expr : Expr . '<' Expr  (60)
	Expr : Expr . '>' Expr  (61)
	Expr : Expr . LESS_EQUAL Expr  (62)
	Expr : Expr . GREATER_EQUAL Expr  (63)
	Expr : Expr . AND Expr  (64)
	Expr : Expr . OR Expr  (65)
	Expr : Expr OR Expr .  (65)

	AND  shift 112
	LESS_EQUAL  shift 114
	GREATER_EQUAL  shift 115
	EQUAL  shift 116
	NOT_EQUAL  shift 117
	'+'  shift 118
	'-'  shift 119
	'*'  shift 120
	'/'  shift 121
	'%'  shift 122
	'>'  shift 123
	'<'  shift 124
	'.'  shift 125
	'['  shift 126
	OR  reduce 65
	','  reduce 65
	';'  reduce 65
	')'  reduce 65
	']'  reduce 65


state 145
	Receiver : Expr . '.'  (41)
	LValue : Expr . '[' Expr ']'  (44)
	Expr : Expr . '+' Expr  (53)
	Expr : Expr . '-' Expr  (54)
	Expr : Expr . '*' Expr  (55)
	Expr : Expr . '/' Expr  (56)
	Expr : Expr . '%' Expr  (57)
	Expr : Expr . EQUAL Expr  (58)
	Expr : Expr . NOT_EQUAL Expr  (59)
	Expr : Expr . '<' Expr  (60)
	Expr : Expr . '>' Expr  (61)
	Expr : Expr . LESS_EQUAL Expr  (62)
	Expr : Expr LESS_EQUAL Expr .  (62)
	Expr : Expr . GREATER_EQUAL Expr  (63)
	Expr : Expr . AND Expr  (64)
	Expr : Expr . OR Expr  (65)

	'+'  shift 118
	'-'  shift 119
	'*'  shift 120
	'/'  shift 121
	'%'  shift 122
	'.'  shift 125
	'['  shift 126
	AND  reduce 62
	OR  reduce 62
	EQUAL  reduce 62
	NOT_EQUAL  reduce 62
	','  reduce 62
	';'  reduce 62
	')'  reduce 62
	']'  reduce 62


state 146
	Receiver : Expr . '.'  (41)
	LValue : Expr . '[' Expr ']'  (44)
	Expr : Expr . '+' Expr  (53)
	Expr : Expr . '-' Expr  (54)
	Expr : Expr . '*' Expr  (55)
	Expr : Expr . '/' Expr  (56)
	Expr : Expr . '%' Expr  (57)
	Expr : Expr . EQUAL Expr  (58)
	Expr : Expr . NOT_EQUAL Expr  (59)
	Expr : Expr . '<' Expr  (60)
	Expr : Expr . '>' Expr  (61)
	Expr : Expr . LESS_EQUAL Expr  (62)
	Expr : Expr . GREATER_EQUAL Expr  (63)
	Expr : Expr GREATER_EQUAL Expr .  (63)
	Expr : Expr . AND Expr  (64)
	Expr : Expr . OR Expr  (65)

	'+'  shift 118
	'-'  shift 119
	'*'  shift 120
	'/'  shift 121
	'%'  shift 122
	'.'  shift 125
	'['  shift 126
	AND  reduce 63
	OR  reduce 63
	EQUAL  reduce 63
	NOT_EQUAL  reduce 63
	','  reduce 63
	';'  reduce 63
	')'  reduce 63
	']'  reduce 63


state 147
	Receiver : Expr . '.'  (41)
	LValue : Expr . '[' Expr ']'  (44)
	Expr : Expr . '+' Expr  (53)
	Expr : Expr . '-' Expr  (54)
	Expr : Expr . '*' Expr  (55)
	Expr : Expr . '/' Expr  (56)
	Expr : Expr . '%' Expr  (57)
	Expr : Expr . EQUAL Expr  (58)
	Expr : Expr EQUAL Expr .  (58)
	Expr : Expr . NOT_EQUAL Expr  (59)
	Expr : Expr . '<' Expr  (60)
	Expr : Expr . '>' Expr  (61)
	Expr : Expr . LESS_EQUAL Expr  (62)
	Expr : Expr . GREATER_EQUAL Expr  (63)
	Expr : Expr . AND Expr  (64)
	Expr : Expr . OR Expr  (65)

	LESS_EQUAL  shift 114
	GREATER_EQUAL  shift 115
	'+'  shift 118
	'-'  shift 119
	'*'  shift 120
	'/'  shift 121
	'%'  shift 122
	'>'  shift 123
	'<'  shift 124
	'.'  shift 125
	'['  shift 126
	AND  reduce 58
	OR  reduce 58
	','  reduce 58
	';'  reduce 58
	')'  reduce 58
	']'  reduce 58


state 148
	Receiver : Expr . '.'  (41)
	LValue : Expr . '[' Expr ']'  (44)
	Expr : Expr . '+' Expr  (53)
	Expr : Expr . '-' Expr  (54)
	Expr : Expr . '*' Expr  (55)
	Expr : Expr . '/' Expr  (56)
	Expr : Expr . '%' Expr  (57)
	Expr : Expr . EQUAL Expr  (58)
	Expr : Expr . NOT_EQUAL Expr  (59)
	Expr : Expr NOT_EQUAL Expr .  (59)
	Expr : Expr . '<' Expr  (60)
	Expr : Expr . '>' Expr  (61)
	Expr : Expr . LESS_EQUAL Expr  (62)
	Expr : Expr . GREATER_EQUAL Expr  (63)
	Expr : Expr . AND Expr  (64)
	Expr : Expr . OR Expr  (65)

	LESS_EQUAL  shift 114
	GREATER_EQUAL  shift 115
	'+'  shift 118
	'-'  shift 119
	'*'  shift 120
	'/'  shift 121
	'%'  shift 122
	'>'  shift 123
	'<'  shift 124
	'.'  shift 125
	'['  shift 126
	AND  reduce 59
	OR  reduce 59
	','  reduce 59
	';'  reduce 59
	')'  reduce 59
	']'  reduce 59


state 149
	Receiver : Expr . '.'  (41)
	LValue : Expr . '[' Expr ']'  (44)
	Expr : Expr . '+' Expr  (53)
	Expr : Expr '+' Expr .  (53)
	Expr : Expr . '-' Expr  (54)
	Expr : Expr . '*' Expr  (55)
	Expr : Expr . '/' Expr  (56)
	Expr : Expr . '%' Expr  (57)
	Expr : Expr . EQUAL Expr  (58)
	Expr : Expr . NOT_EQUAL Expr  (59)
	Expr : Expr . '<' Expr  (60)
	Expr : Expr . '>' Expr  (61)
	Expr : Expr . LESS_EQUAL Expr  (62)
	Expr : Expr . GREATER_EQUAL Expr  (63)
	Expr : Expr . AND Expr  (64)
	Expr : Expr . OR Expr  (65)

	'*'  shift 120
	'/'  shift 121
	'%'  shift 122
	'.'  shift 125
	'['  shift 126
	AND  reduce 53
	OR  reduce 53
	LESS_EQUAL  reduce 53
	GREATER_EQUAL  reduce 53
	EQUAL  reduce 53
	NOT_EQUAL  reduce 53
	'+'  reduce 53
	'-'  reduce 53
	'>'  reduce 53
	'<'  reduce 53
	','  reduce 53
	';'  reduce 53
	')'  reduce 53
	']'  reduce 53


state 150
	Receiver : Expr . '.'  (41)
	LValue : Expr . '[' Expr ']'  (44)
	Expr : Expr . '+' Expr  (53)
	Expr : Expr . '-' Expr  (54)
	Expr : Expr '-' Expr .  (54)
	Expr : Expr . '*' Expr  (55)
	Expr : Expr . '/' Expr  (56)
	Expr : Expr . '%' Expr  (57)
	Expr : Expr . EQUAL Expr  (58)
	Expr : Expr . NOT_EQUAL Expr  (59)
	Expr : Expr . '<' Expr  (60)
	Expr : Expr . '>' Expr  (61)
	Expr : Expr . LESS_EQUAL Expr  (62)
	Expr : Expr . GREATER_EQUAL Expr  (63)
	Expr : Expr . AND Expr  (64)
	Expr : Expr . OR Expr  (65)

	'*'  shift 120
	'/'  shift 121
	'%'  shift 122
	'.'  shift 125
	'['  shift 126
	AND  reduce 54
	OR  reduce 54
	LESS_EQUAL  reduce 54
	GREATER_EQUAL  reduce 54
	EQUAL  reduce 54
	NOT_EQUAL  reduce 54
	'+'  reduce 54
	'-'  reduce 54
	'>'  reduce 54
	'<'  reduce 54
	','  reduce 54
	';'  reduce 54
	')'  reduce 54
	']'  reduce 54


state 151
	Receiver : Expr . '.'  (41)
	LValue : Expr . '[' Expr ']'  (44)
	Expr : Expr . '+' Expr  (53)
	Expr : Expr . '-' Expr  (54)
	Expr : Expr . '*' Expr  (55)
	Expr : Expr '*' Expr .  (55)
	Expr : Expr . '/' Expr  (56)
	Expr : Expr . '%' Expr  (57)
	Expr : Expr . EQUAL Expr  (58)
	Expr : Expr . NOT_EQUAL Expr  (59)
	Expr : Expr . '<' Expr  (60)
	Expr : Expr . '>' Expr  (61)
	Expr : Expr . LESS_EQUAL Expr  (62)
	Expr : Expr . GREATER_EQUAL Expr  (63)
	Expr : Expr . AND Expr  (64)
	Expr : Expr . OR Expr  (65)

	'.'  shift 125
	'['  shift 126
	AND  reduce 55
	OR  reduce 55
	LESS_EQUAL  reduce 55
	GREATER_EQUAL  reduce 55
	EQUAL  reduce 55
	NOT_EQUAL  reduce 55
	'+'  reduce 55
	'-'  reduce 55
	'*'  reduce 55
	'/'  reduce 55
	'%'  reduce 55
	'>'  reduce 55
	'<'  reduce 55
	','  reduce 55
	';'  reduce 55
	')'  reduce 55
	']'  reduce 55


state 152
	Receiver : Expr . '.'  (41)
	LValue : Expr . '[' Expr ']'  (44)
	Expr : Expr . '+' Expr  (53)
	Expr : Expr . '-' Expr  (54)
	Expr : Expr . '*' Expr  (55)
	Expr : Expr . '/' Expr  (56)
	Expr : Expr '/' Expr .  (56)
	Expr : Expr . '%' Expr  (57)
	Expr : Expr . EQUAL Expr  (58)
	Expr : Expr . NOT_EQUAL Expr  (59)
	Expr : Expr . '<' Expr  (60)
	Expr : Expr . '>' Expr  (61)
	Expr : Expr . LESS_EQUAL Expr  (62)
	Expr : Expr . GREATER_EQUAL Expr  (63)
	Expr : Expr . AND Expr  (64)
	Expr : Expr . OR Expr  (65)

	'.'  shift 125
	'['  shift 126
	AND  reduce 56
	OR  reduce 56
	LESS_EQUAL  reduce 56
	GREATER_EQUAL  reduce 56
	EQUAL  reduce 56
	NOT_EQUAL  reduce 56
	'+'  reduce 56
	'-'  reduce 56
	'*'  reduce 56
	'/'  reduce 56
	'%'  reduce 56
	'>'  reduce 56
	'<'  reduce 56
	','  reduce 56
	';'  reduce 56
	')'  reduce 56
	']'  reduce 56


state 153
	Receiver : Expr . '.'  (41)
	LValue : Expr . '[' Expr ']'  (44)
	Expr : Expr . '+' Expr  (53)
	Expr : Expr . '-' Expr  (54)
	Expr : Expr . '*' Expr  (55)
	Expr : Expr . '/' Expr  (56)
	Expr : Expr . '%' Expr  (57)
	Expr : Expr '%' Expr .  (57)
	Expr : Expr . EQUAL Expr  (58)
	Expr : Expr . NOT_EQUAL Expr  (59)
	Expr : Expr . '<' Expr  (60)
	Expr : Expr . '>' Expr  (61)
	Expr : Expr . LESS_EQUAL Expr  (62)
	Expr : Expr . GREATER_EQUAL Expr  (63)
	Expr : Expr . AND Expr  (64)
	Expr : Expr . OR Expr  (65)

	'.'  shift 125
	'['  shift 126
	AND  reduce 57
	OR  reduce 57
	LESS_EQUAL  reduce 57
	GREATER_EQUAL  reduce 57
	EQUAL  reduce 57
	NOT_EQUAL  reduce 57
	'+'  reduce 57
	'-'  reduce 57
	'*'  reduce 57
	'/'  reduce 57
	'%'  reduce 57
	'>'  reduce 57
	'<'  reduce 57
	','  reduce 57
	';'  reduce 57
	')'  reduce 57
	']'  reduce 57


state 154
	Receiver : Expr . '.'  (41)
	LValue : Expr . '[' Expr ']'  (44)
	Expr : Expr . '+' Expr  (53)
	Expr : Expr . '-' Expr  (54)
	Expr : Expr . '*' Expr  (55)
	Expr : Expr . '/' Expr  (56)
	Expr : Expr . '%' Expr  (57)
	Expr : Expr . EQUAL Expr  (58)
	Expr : Expr . NOT_EQUAL Expr  (59)
	Expr : Expr . '<' Expr  (60)
	Expr : Expr . '>' Expr  (61)
	Expr : Expr '>' Expr .  (61)
	Expr : Expr . LESS_EQUAL Expr  (62)
	Expr : Expr . GREATER_EQUAL Expr  (63)
	Expr : Expr . AND Expr  (64)
	Expr : Expr . OR Expr  (65)

	'+'  shift 118
	'-'  shift 119
	'*'  shift 120
	'/'  shift 121
	'%'  shift 122
	'.'  shift 125
	'['  shift 126
	AND  reduce 61
	OR  reduce 61
	EQUAL  reduce 61
	NOT_EQUAL  reduce 61
	','  reduce 61
	';'  reduce 61
	')'  reduce 61
	']'  reduce 61


state 155
	Receiver : Expr . '.'  (41)
	LValue : Expr . '[' Expr ']'  (44)
	Expr : Expr . '+' Expr  (53)
	Expr : Expr . '-' Expr  (54)
	Expr : Expr . '*' Expr  (55)
	Expr : Expr . '/' Expr  (56)
	Expr : Expr . '%' Expr  (57)
	Expr : Expr . EQUAL Expr  (58)
	Expr : Expr . NOT_EQUAL Expr  (59)
	Expr : Expr . '<' Expr  (60)
	Expr : Expr '<' Expr .  (60)
	Expr : Expr . '>' Expr  (61)
	Expr : Expr . LESS_EQUAL Expr  (62)
	Expr : Expr . GREATER_EQUAL Expr  (63)
	Expr : Expr . AND Expr  (64)
	Expr : Expr . OR Expr  (65)

	'+'  shift 118
	'-'  shift 119
	'*'  shift 120
	'/'  shift 121
	'%'  shift 122
	'.'  shift 125
	'['  shift 126
	AND  reduce 60
	OR  reduce 60
	EQUAL  reduce 60
	NOT_EQUAL  reduce 60
	','  reduce 60
	';'  reduce 60
	')'  reduce 60
	']'  reduce 60


state 156
	Receiver : Expr . '.'  (41)
	LValue : Expr . '[' Expr ']'  (44)
	LValue : Expr '[' Expr . ']'  (44)
	Expr : Expr . '+' Expr  (53)
	Expr : Expr . '-' Expr  (54)
	Expr : Expr . '*' Expr  (55)
	Expr : Expr . '/' Expr  (56)
	Expr : Expr . '%' Expr  (57)
	Expr : Expr . EQUAL Expr  (58)
	Expr : Expr . NOT_EQUAL Expr  (59)
	Expr : Expr . '<' Expr  (60)
	Expr : Expr . '>' Expr  (61)
	Expr : Expr . LESS_EQUAL Expr  (62)
	Expr : Expr . GREATER_EQUAL Expr  (63)
	Expr : Expr . AND Expr  (64)
	Expr : Expr . OR Expr  (65)

	AND  shift 112
	OR  shift 113
	LESS_EQUAL  shift 114
	GREATER_EQUAL  shift 115
	EQUAL  shift 116
	NOT_EQUAL  shift 117
	'+'  shift 118
	'-'  shift 119
	'*'  shift 120
	'/'  shift 121
	'%'  shift 122
	'>'  shift 123
	'<'  shift 124
	'.'  shift 125
	'['  shift 126
	']'  shift 169
	.  error


state 157
	Call : Receiver IDENTIFIER '(' . Actuals ')'  (45)
	Receiver : .  (42)
	Actuals : .  (82)

	NULL  shift 47
	THIS  shift 48
	NEW  shift 54
	CASE  shift 55
	READ_INTEGER  shift 57
	READ_LINE  shift 58
	LITERAL  shift 60
	INSTANCEOF  shift 61
	'-'  shift 62
	'!'  shift 63
	'('  shift 64
	'@'  shift 66
	'$'  shift 67
	'#'  shift 68
	IDENTIFIER  reduce 42
	')'  reduce 82

	LValue  goto 88
	Expr  goto 134
	Call  goto 90
	Receiver  goto 83
	Actuals  goto 170
	Constant  goto 84
	ExprList  goto 171


state 158
	WhileStmt : WHILE '(' Expr ')' . Stmt  (85)
	SimpleStmt : .  (40)
	Receiver : .  (42)

	VOID  shift 12
	BOOL  shift 13
	INT  shift 14
	STRING  shift 15
	COMPLEX  shift 16
	CLASS  shift 17
	NULL  shift 47
	THIS  shift 48
	WHILE  shift 49
	FOR  shift 50
	IF  shift 51
	RETURN  shift 52
	BREAK  shift 53
	NEW  shift 54
	CASE  shift 55
	PRINT  shift 56
	READ_INTEGER  shift 57
	READ_LINE  shift 58
	PRINTCOMP  shift 59
	LITERAL  shift 60
	INSTANCEOF  shift 61
	'-'  shift 62
	'!'  shift 63
	'('  shift 64
	'{'  shift 42
	'@'  shift 66
	'$'  shift 67
	'#'  shift 68
	IDENTIFIER  reduce 42
	';'  reduce 40

	VariableDef  goto 69
	Variable  goto 21
	Type  goto 34
	StmtBlock  goto 70
	Stmt  goto 172
	SimpleStmt  goto 72
	IfStmt  goto 73
	WhileStmt  goto 74
	ForStmt  goto 75
	ReturnStmt  goto 76
	PrintStmt  goto 77
	BreakStmt  goto 78
	PrintCompStmt  goto 79
	LValue  goto 80
	Expr  goto 81
	Call  goto 82
	Receiver  goto 83
	Constant  goto 84


state 159
	ForStmt : FOR '(' SimpleStmt ';' . Expr ';' SimpleStmt ')' Stmt  (86)
	Receiver : .  (42)

	NULL  shift 47
	THIS  shift 48
	NEW  shift 54
	CASE  shift 55
	READ_INTEGER  shift 57
	READ_LINE  shift 58
	LITERAL  shift 60
	INSTANCEOF  shift 61
	'-'  shift 62
	'!'  shift 63
	'('  shift 64
	'@'  shift 66
	'$'  shift 67
	'#'  shift 68
	IDENTIFIER  reduce 42

	LValue  goto 88
	Expr  goto 173
	Call  goto 90
	Receiver  goto 83
	Constant  goto 84


state 160
	IfStmt : IF '(' Expr ')' . Stmt ElseClause  (88)
	SimpleStmt : .  (40)
	Receiver : .  (42)

	VOID  shift 12
	BOOL  shift 13
	INT  shift 14
	STRING  shift 15
	COMPLEX  shift 16
	CLASS  shift 17
	NULL  shift 47
	THIS  shift 48
	WHILE  shift 49
	FOR  shift 50
	IF  shift 51
	RETURN  shift 52
	BREAK  shift 53
	NEW  shift 54
	CASE  shift 55
	PRINT  shift 56
	READ_INTEGER  shift 57
	READ_LINE  shift 58
	PRINTCOMP  shift 59
	LITERAL  shift 60
	INSTANCEOF  shift 61
	'-'  shift 62
	'!'  shift 63
	'('  shift 64
	'{'  shift 42
	'@'  shift 66
	'$'  shift 67
	'#'  shift 68
	IDENTIFIER  reduce 42
	';'  reduce 40

	VariableDef  goto 69
	Variable  goto 21
	Type  goto 34
	StmtBlock  goto 70
	Stmt  goto 174
	SimpleStmt  goto 72
	IfStmt  goto 73
	WhileStmt  goto 74
	ForStmt  goto 75
	ReturnStmt  goto 76
	PrintStmt  goto 77
	BreakStmt  goto 78
	PrintCompStmt  goto 79
	LValue  goto 80
	Expr  goto 81
	Call  goto 82
	Receiver  goto 83
	Constant  goto 84


state 161
	Expr : NEW IDENTIFIER '(' ')' .  (75)

	.  reduce 75


state 162
	Receiver : Expr . '.'  (41)
	LValue : Expr . '[' Expr ']'  (44)
	Expr : Expr . '+' Expr  (53)
	Expr : Expr . '-' Expr  (54)
	Expr : Expr . '*' Expr  (55)
	Expr : Expr . '/' Expr  (56)
	Expr : Expr . '%' Expr  (57)
	Expr : Expr . EQUAL Expr  (58)
	Expr : Expr . NOT_EQUAL Expr  (59)
	Expr : Expr . '<' Expr  (60)
	Expr : Expr . '>' Expr  (61)
	Expr : Expr . LESS_EQUAL Expr  (62)
	Expr : Expr . GREATER_EQUAL Expr  (63)
	Expr : Expr . AND Expr  (64)
	Expr : Expr . OR Expr  (65)
	Expr : NEW Type '[' Expr . ']'  (76)

	AND  shift 112
	OR  shift 113
	LESS_EQUAL  shift 114
	GREATER_EQUAL  shift 115
	EQUAL  shift 116
	NOT_EQUAL  shift 117
	'+'  shift 118
	'-'  shift 119
	'*'  shift 120
	'/'  shift 121
	'%'  shift 122
	'>'  shift 123
	'<'  shift 124
	'.'  shift 125
	'['  shift 126
	']'  shift 175
	.  error


state 163
	Expr : CASE '(' Expr ')' . '{' CaseExprList DefaultExpr '}'  (49)

	'{'  shift 176
	.  error


state 164
	ExprList : ExprList ',' . Expr  (83)
	Receiver : .  (42)

	NULL  shift 47
	THIS  shift 48
	NEW  shift 54
	CASE  shift 55
	READ_INTEGER  shift 57
	READ_LINE  shift 58
	LITERAL  shift 60
	INSTANCEOF  shift 61
	'-'  shift 62
	'!'  shift 63
	'('  shift 64
	'@'  shift 66
	'$'  shift 67
	'#'  shift 68
	IDENTIFIER  reduce 42

	LValue  goto 88
	Expr  goto 177
	Call  goto 90
	Receiver  goto 83
	Constant  goto 84


state 165
	PrintStmt : PRINT '(' ExprList ')' .  (93)

	.  reduce 93


state 166
	PrintCompStmt : PRINTCOMP '(' ExprList ')' .  (94)

	.  reduce 94


state 167
	Expr : INSTANCEOF '(' Expr ',' . IDENTIFIER ')'  (77)

	IDENTIFIER  shift 178
	.  error


state 168
	Expr : '(' CLASS IDENTIFIER ')' . Expr  (78)
	Receiver : .  (42)

	NULL  shift 47
	THIS  shift 48
	NEW  shift 54
	CASE  shift 55
	READ_INTEGER  shift 57
	READ_LINE  shift 58
	LITERAL  shift 60
	INSTANCEOF  shift 61
	'-'  shift 62
	'!'  shift 63
	'('  shift 64
	'@'  shift 66
	'$'  shift 67
	'#'  shift 68
	IDENTIFIER  reduce 42

	LValue  goto 88
	Expr  goto 179
	Call  goto 90
	Receiver  goto 83
	Constant  goto 84


state 169
	LValue : Expr '[' Expr ']' .  (44)

	.  reduce 44


state 170
	Call : Receiver IDENTIFIER '(' Actuals . ')'  (45)

	')'  shift 180
	.  error


state 171
	Actuals : ExprList .  (81)
	ExprList : ExprList . ',' Expr  (83)

	','  shift 164
	')'  reduce 81


state 172
	WhileStmt : WHILE '(' Expr ')' Stmt .  (85)

	.  reduce 85


state 173
	Receiver : Expr . '.'  (41)
	LValue : Expr . '[' Expr ']'  (44)
	Expr : Expr . '+' Expr  (53)
	Expr : Expr . '-' Expr  (54)
	Expr : Expr . '*' Expr  (55)
	Expr : Expr . '/' Expr  (56)
	Expr : Expr . '%' Expr  (57)
	Expr : Expr . EQUAL Expr  (58)
	Expr : Expr . NOT_EQUAL Expr  (59)
	Expr : Expr . '<' Expr  (60)
	Expr : Expr . '>' Expr  (61)
	Expr : Expr . LESS_EQUAL Expr  (62)
	Expr : Expr . GREATER_EQUAL Expr  (63)
	Expr : Expr . AND Expr  (64)
	Expr : Expr . OR Expr  (65)
	ForStmt : FOR '(' SimpleStmt ';' Expr . ';' SimpleStmt ')' Stmt  (86)

	AND  shift 112
	OR  shift 113
	LESS_EQUAL  shift 114
	GREATER_EQUAL  shift 115
	EQUAL  shift 116
	NOT_EQUAL  shift 117
	'+'  shift 118
	'-'  shift 119
	'*'  shift 120
	'/'  shift 121
	'%'  shift 122
	'>'  shift 123
	'<'  shift 124
	'.'  shift 125
	';'  shift 181
	'['  shift 126
	.  error


state 174
	IfStmt : IF '(' Expr ')' Stmt . ElseClause  (88)
	ElseClause : .  (90)

	ELSE  shift 182
	VOID  reduce 90
	BOOL  reduce 90
	INT  reduce 90
	STRING  reduce 90
	COMPLEX  reduce 90
	CLASS  reduce 90
	NULL  reduce 90
	THIS  reduce 90
	WHILE  reduce 90
	FOR  reduce 90
	IF  reduce 90
	RETURN  reduce 90
	BREAK  reduce 90
	NEW  reduce 90
	CASE  reduce 90
	PRINT  reduce 90
	READ_INTEGER  reduce 90
	READ_LINE  reduce 90
	PRINTCOMP  reduce 90
	LITERAL  reduce 90
	IDENTIFIER  reduce 90
	INSTANCEOF  reduce 90
	'-'  reduce 90
	';'  reduce 90
	'!'  reduce 90
	'('  reduce 90
	'{'  reduce 90
	'}'  reduce 90
	'@'  reduce 90
	'$'  reduce 90
	'#'  reduce 90

	ElseClause  goto 183


state 175
	Expr : NEW Type '[' Expr ']' .  (76)

	.  reduce 76


state 176
	Expr : CASE '(' Expr ')' '{' . CaseExprList DefaultExpr '}'  (49)
	CaseExprList : .  (48)

	.  reduce 48

	CaseExprList  goto 184


state 177
	Receiver : Expr . '.'  (41)
	LValue : Expr . '[' Expr ']'  (44)
	Expr : Expr . '+' Expr  (53)
	Expr : Expr . '-' Expr  (54)
	Expr : Expr . '*' Expr  (55)
	Expr : Expr . '/' Expr  (56)
	Expr : Expr . '%' Expr  (57)
	Expr : Expr . EQUAL Expr  (58)
	Expr : Expr . NOT_EQUAL Expr  (59)
	Expr : Expr . '<' Expr  (60)
	Expr : Expr . '>' Expr  (61)
	Expr : Expr . LESS_EQUAL Expr  (62)
	Expr : Expr . GREATER_EQUAL Expr  (63)
	Expr : Expr . AND Expr  (64)
	Expr : Expr . OR Expr  (65)
	ExprList : ExprList ',' Expr .  (83)

	AND  shift 112
	OR  shift 113
	LESS_EQUAL  shift 114
	GREATER_EQUAL  shift 115
	EQUAL  shift 116
	NOT_EQUAL  shift 117
	'+'  shift 118
	'-'  shift 119
	'*'  shift 120
	'/'  shift 121
	'%'  shift 122
	'>'  shift 123
	'<'  shift 124
	'.'  shift 125
	'['  shift 126
	','  reduce 83
	')'  reduce 83


state 178
	Expr : INSTANCEOF '(' Expr ',' IDENTIFIER . ')'  (77)

	')'  shift 185
	.  error


state 179
	Receiver : Expr . '.'  (41)
	LValue : Expr . '[' Expr ']'  (44)
	Expr : Expr . '+' Expr  (53)
	Expr : Expr . '-' Expr  (54)
	Expr : Expr . '*' Expr  (55)
	Expr : Expr . '/' Expr  (56)
	Expr : Expr . '%' Expr  (57)
	Expr : Expr . EQUAL Expr  (58)
	Expr : Expr . NOT_EQUAL Expr  (59)
	Expr : Expr . '<' Expr  (60)
	Expr : Expr . '>' Expr  (61)
	Expr : Expr . LESS_EQUAL Expr  (62)
	Expr : Expr . GREATER_EQUAL Expr  (63)
	Expr : Expr . AND Expr  (64)
	Expr : Expr . OR Expr  (65)
	Expr : '(' CLASS IDENTIFIER ')' Expr .  (78)

	.  reduce 78


state 180
	Call : Receiver IDENTIFIER '(' Actuals ')' .  (45)

	.  reduce 45


state 181
	ForStmt : FOR '(' SimpleStmt ';' Expr ';' . SimpleStmt ')' Stmt  (86)
	SimpleStmt : .  (40)
	Receiver : .  (42)

	NULL  shift 47
	THIS  shift 48
	NEW  shift 54
	CASE  shift 55
	READ_INTEGER  shift 57
	READ_LINE  shift 58
	LITERAL  shift 60
	INSTANCEOF  shift 61
	'-'  shift 62
	'!'  shift 63
	'('  shift 64
	'@'  shift 66
	'$'  shift 67
	'#'  shift 68
	IDENTIFIER  reduce 42
	')'  reduce 40

	SimpleStmt  goto 186
	LValue  goto 80
	Expr  goto 81
	Call  goto 82
	Receiver  goto 83
	Constant  goto 84


state 182
	ElseClause : ELSE . Stmt  (89)
	SimpleStmt : .  (40)
	Receiver : .  (42)

	VOID  shift 12
	BOOL  shift 13
	INT  shift 14
	STRING  shift 15
	COMPLEX  shift 16
	CLASS  shift 17
	NULL  shift 47
	THIS  shift 48
	WHILE  shift 49
	FOR  shift 50
	IF  shift 51
	RETURN  shift 52
	BREAK  shift 53
	NEW  shift 54
	CASE  shift 55
	PRINT  shift 56
	READ_INTEGER  shift 57
	READ_LINE  shift 58
	PRINTCOMP  shift 59
	LITERAL  shift 60
	INSTANCEOF  shift 61
	'-'  shift 62
	'!'  shift 63
	'('  shift 64
	'{'  shift 42
	'@'  shift 66
	'$'  shift 67
	'#'  shift 68
	IDENTIFIER  reduce 42
	';'  reduce 40

	VariableDef  goto 69
	Variable  goto 21
	Type  goto 34
	StmtBlock  goto 70
	Stmt  goto 187
	SimpleStmt  goto 72
	IfStmt  goto 73
	WhileStmt  goto 74
	ForStmt  goto 75
	ReturnStmt  goto 76
	PrintStmt  goto 77
	BreakStmt  goto 78
	PrintCompStmt  goto 79
	LValue  goto 80
	Expr  goto 81
	Call  goto 82
	Receiver  goto 83
	Constant  goto 84


state 183
	IfStmt : IF '(' Expr ')' Stmt ElseClause .  (88)

	.  reduce 88


state 184
	CaseExprList : CaseExprList . Constant ':' Expr ';'  (47)
	Expr : CASE '(' Expr ')' '{' CaseExprList . DefaultExpr '}'  (49)

	NULL  shift 47
	DEFAULT  shift 188
	LITERAL  shift 60
	.  error

	DefaultExpr  goto 189
	Constant  goto 190


state 185
	Expr : INSTANCEOF '(' Expr ',' IDENTIFIER ')' .  (77)

	.  reduce 77


state 186
	ForStmt : FOR '(' SimpleStmt ';' Expr ';' SimpleStmt . ')' Stmt  (86)

	')'  shift 191
	.  error


state 187
	ElseClause : ELSE Stmt .  (89)

	.  reduce 89


state 188
	DefaultExpr : DEFAULT . ':' Expr ';'  (46)

	':'  shift 192
	.  error


state 189
	Expr : CASE '(' Expr ')' '{' CaseExprList DefaultExpr . '}'  (49)

	'}'  shift 193
	.  error


state 190
	CaseExprList : CaseExprList Constant . ':' Expr ';'  (47)

	':'  shift 194
	.  error


state 191
	ForStmt : FOR '(' SimpleStmt ';' Expr ';' SimpleStmt ')' . Stmt  (86)
	SimpleStmt : .  (40)
	Receiver : .  (42)

	VOID  shift 12
	BOOL  shift 13
	INT  shift 14
	STRING  shift 15
	COMPLEX  shift 16
	CLASS  shift 17
	NULL  shift 47
	THIS  shift 48
	WHILE  shift 49
	FOR  shift 50
	IF  shift 51
	RETURN  shift 52
	BREAK  shift 53
	NEW  shift 54
	CASE  shift 55
	PRINT  shift 56
	READ_INTEGER  shift 57
	READ_LINE  shift 58
	PRINTCOMP  shift 59
	LITERAL  shift 60
	INSTANCEOF  shift 61
	'-'  shift 62
	'!'  shift 63
	'('  shift 64
	'{'  shift 42
	'@'  shift 66
	'$'  shift 67
	'#'  shift 68
	IDENTIFIER  reduce 42
	';'  reduce 40

	VariableDef  goto 69
	Variable  goto 21
	Type  goto 34
	StmtBlock  goto 70
	Stmt  goto 195
	SimpleStmt  goto 72
	IfStmt  goto 73
	WhileStmt  goto 74
	ForStmt  goto 75
	ReturnStmt  goto 76
	PrintStmt  goto 77
	BreakStmt  goto 78
	PrintCompStmt  goto 79
	LValue  goto 80
	Expr  goto 81
	Call  goto 82
	Receiver  goto 83
	Constant  goto 84


state 192
	DefaultExpr : DEFAULT ':' . Expr ';'  (46)
	Receiver : .  (42)

	NULL  shift 47
	THIS  shift 48
	NEW  shift 54
	CASE  shift 55
	READ_INTEGER  shift 57
	READ_LINE  shift 58
	LITERAL  shift 60
	INSTANCEOF  shift 61
	'-'  shift 62
	'!'  shift 63
	'('  shift 64
	'@'  shift 66
	'$'  shift 67
	'#'  shift 68
	IDENTIFIER  reduce 42

	LValue  goto 88
	Expr  goto 196
	Call  goto 90
	Receiver  goto 83
	Constant  goto 84


state 193
	Expr : CASE '(' Expr ')' '{' CaseExprList DefaultExpr '}' .  (49)

	.  reduce 49


state 194
	CaseExprList : CaseExprList Constant ':' . Expr ';'  (47)
	Receiver : .  (42)

	NULL  shift 47
	THIS  shift 48
	NEW  shift 54
	CASE  shift 55
	READ_INTEGER  shift 57
	READ_LINE  shift 58
	LITERAL  shift 60
	INSTANCEOF  shift 61
	'-'  shift 62
	'!'  shift 63
	'('  shift 64
	'@'  shift 66
	'$'  shift 67
	'#'  shift 68
	IDENTIFIER  reduce 42

	LValue  goto 88
	Expr  goto 197
	Call  goto 90
	Receiver  goto 83
	Constant  goto 84


state 195
	ForStmt : FOR '(' SimpleStmt ';' Expr ';' SimpleStmt ')' Stmt .  (86)

	.  reduce 86


state 196
	Receiver : Expr . '.'  (41)
	LValue : Expr . '[' Expr ']'  (44)
	DefaultExpr : DEFAULT ':' Expr . ';'  (46)
	Expr : Expr . '+' Expr  (53)
	Expr : Expr . '-' Expr  (54)
	Expr : Expr . '*' Expr  (55)
	Expr : Expr . '/' Expr  (56)
	Expr : Expr . '%' Expr  (57)
	Expr : Expr . EQUAL Expr  (58)
	Expr : Expr . NOT_EQUAL Expr  (59)
	Expr : Expr . '<' Expr  (60)
	Expr : Expr . '>' Expr  (61)
	Expr : Expr . LESS_EQUAL Expr  (62)
	Expr : Expr . GREATER_EQUAL Expr  (63)
	Expr : Expr . AND Expr  (64)
	Expr : Expr . OR Expr  (65)

	AND  shift 112
	OR  shift 113
	LESS_EQUAL  shift 114
	GREATER_EQUAL  shift 115
	EQUAL  shift 116
	NOT_EQUAL  shift 117
	'+'  shift 118
	'-'  shift 119
	'*'  shift 120
	'/'  shift 121
	'%'  shift 122
	'>'  shift 123
	'<'  shift 124
	'.'  shift 125
	';'  shift 198
	'['  shift 126
	.  error


state 197
	Receiver : Expr . '.'  (41)
	LValue : Expr . '[' Expr ']'  (44)
	CaseExprList : CaseExprList Constant ':' Expr . ';'  (47)
	Expr : Expr . '+' Expr  (53)
	Expr : Expr . '-' Expr  (54)
	Expr : Expr . '*' Expr  (55)
	Expr : Expr . '/' Expr  (56)
	Expr : Expr . '%' Expr  (57)
	Expr : Expr . EQUAL Expr  (58)
	Expr : Expr . NOT_EQUAL Expr  (59)
	Expr : Expr . '<' Expr  (60)
	Expr : Expr . '>' Expr  (61)
	Expr : Expr . LESS_EQUAL Expr  (62)
	Expr : Expr . GREATER_EQUAL Expr  (63)
	Expr : Expr . AND Expr  (64)
	Expr : Expr . OR Expr  (65)

	AND  shift 112
	OR  shift 113
	LESS_EQUAL  shift 114
	GREATER_EQUAL  shift 115
	EQUAL  shift 116
	NOT_EQUAL  shift 117
	'+'  shift 118
	'-'  shift 119
	'*'  shift 120
	'/'  shift 121
	'%'  shift 122
	'>'  shift 123
	'<'  shift 124
	'.'  shift 125
	';'  shift 199
	'['  shift 126
	.  error


state 198
	DefaultExpr : DEFAULT ':' Expr ';' .  (46)

	.  reduce 46


state 199
	CaseExprList : CaseExprList Constant ':' Expr ';' .  (47)

	.  reduce 47


58 terminals, 33 nonterminals
95 grammar rules, 200 states
